# JRE version: OpenJDK Runtime Environment Temurin-21.0.8+9 (21.0.8+9) (build 21.0.8+9-LTS)
# Java VM: OpenJDK 64-Bit Server VM Temurin-21.0.8+9 (21.0.8+9-LTS, mixed mode, sharing, tiered, compressed oops, compressed class ptrs, parallel gc, windows-amd64)
GC Precious Log:
 CardTable entry size: 512
 CPUs: 12 total, 12 available
 Memory: 7518M
 Large Page Support: Disabled
 NUMA Support: Disabled
 Compressed Oops: Enabled (32-bit)
 Alignments: Space 512K, Generation 512K, Heap 2M
 Heap Min Capacity: 100M
 Heap Initial Capacity: 100M
 Heap Max Capacity: 2G
 Pre-touch: Disabled
 Parallel Workers: 10
Heap:
 PSYoungGen      total 5632K, used 3926K [0x00000000d5580000, 0x00000000d5d80000, 0x0000000100000000)
  eden space 5120K, 66% used [0x00000000d5580000,0x00000000d58d58f8,0x00000000d5a80000)
  from space 512K, 100% used [0x00000000d5c00000,0x00000000d5c80000,0x00000000d5c80000)
  to   space 1536K, 0% used [0x00000000d5a80000,0x00000000d5a80000,0x00000000d5c00000)
 ParOldGen       total 930304K, used 476495K [0x0000000080000000, 0x00000000b8c80000, 0x00000000d5580000)
  object space 930304K, 51% used [0x0000000080000000,0x000000009d153e88,0x00000000b8c80000)
 Metaspace       used 85168K, committed 86784K, reserved 1179648K
  class space    used 8784K, committed 9536K, reserved 1048576K
GC Heap History (20 events):
Event: 5952.519 GC heap before
{Heap before GC invocations=591 (full 4):
 PSYoungGen      total 5632K, used 5385K [0x00000000d5580000, 0x00000000d5b80000, 0x0000000100000000)
  eden space 5120K, 98% used [0x00000000d5580000,0x00000000d5a6dfe0,0x00000000d5a80000)
  from space 512K, 65% used [0x00000000d5b00000,0x00000000d5b54538,0x00000000d5b80000)
  to   space 512K, 0% used [0x00000000d5a80000,0x00000000d5a80000,0x00000000d5b00000)
 ParOldGen       total 930304K, used 474631K [0x0000000080000000, 0x00000000b8c80000, 0x00000000d5580000)
  object space 930304K, 51% used [0x0000000080000000,0x000000009cf81c60,0x00000000b8c80000)
 Metaspace       used 84802K, committed 86336K, reserved 1179648K
  class space    used 8765K, committed 9472K, reserved 1048576K
}
Event: 5952.521 GC heap after
{Heap after GC invocations=591 (full 4):
 PSYoungGen      total 5632K, used 320K [0x00000000d5580000, 0x00000000d5b80000, 0x0000000100000000)
  eden space 5120K, 0% used [0x00000000d5580000,0x00000000d5580000,0x00000000d5a80000)
  from space 512K, 62% used [0x00000000d5a80000,0x00000000d5ad0000,0x00000000d5b00000)
  to   space 512K, 0% used [0x00000000d5b00000,0x00000000d5b00000,0x00000000d5b80000)
 ParOldGen       total 930304K, used 474719K [0x0000000080000000, 0x00000000b8c80000, 0x00000000d5580000)
  object space 930304K, 51% used [0x0000000080000000,0x000000009cf97c60,0x00000000b8c80000)
 Metaspace       used 84802K, committed 86336K, reserved 1179648K
  class space    used 8765K, committed 9472K, reserved 1048576K
}
Event: 5952.530 GC heap before
{Heap before GC invocations=592 (full 4):
 PSYoungGen      total 5632K, used 5440K [0x00000000d5580000, 0x00000000d5b80000, 0x0000000100000000)
  eden space 5120K, 100% used [0x00000000d5580000,0x00000000d5a80000,0x00000000d5a80000)
  from space 512K, 62% used [0x00000000d5a80000,0x00000000d5ad0000,0x00000000d5b00000)
  to   space 512K, 0% used [0x00000000d5b00000,0x00000000d5b00000,0x00000000d5b80000)
 ParOldGen       total 930304K, used 474719K [0x0000000080000000, 0x00000000b8c80000, 0x00000000d5580000)
  object space 930304K, 51% used [0x0000000080000000,0x000000009cf97c60,0x00000000b8c80000)
 Metaspace       used 84810K, committed 86336K, reserved 1179648K
  class space    used 8765K, committed 9472K, reserved 1048576K
}
Event: 5952.532 GC heap after
{Heap after GC invocations=592 (full 4):
 PSYoungGen      total 5632K, used 433K [0x00000000d5580000, 0x00000000d5b80000, 0x0000000100000000)
  eden space 5120K, 0% used [0x00000000d5580000,0x00000000d5580000,0x00000000d5a80000)
  from space 512K, 84% used [0x00000000d5b00000,0x00000000d5b6c538,0x00000000d5b80000)
  to   space 512K, 0% used [0x00000000d5a80000,0x00000000d5a80000,0x00000000d5b00000)
 ParOldGen       total 930304K, used 474962K [0x0000000080000000, 0x00000000b8c80000, 0x00000000d5580000)
  object space 930304K, 51% used [0x0000000080000000,0x000000009cfd4b78,0x00000000b8c80000)
 Metaspace       used 84810K, committed 86336K, reserved 1179648K
  class space    used 8765K, committed 9472K, reserved 1048576K
}
Event: 5952.539 GC heap before
{Heap before GC invocations=593 (full 4):
 PSYoungGen      total 5632K, used 5495K [0x00000000d5580000, 0x00000000d5b80000, 0x0000000100000000)
  eden space 5120K, 98% used [0x00000000d5580000,0x00000000d5a71898,0x00000000d5a80000)
  from space 512K, 84% used [0x00000000d5b00000,0x00000000d5b6c538,0x00000000d5b80000)
  to   space 512K, 0% used [0x00000000d5a80000,0x00000000d5a80000,0x00000000d5b00000)
 ParOldGen       total 930304K, used 474962K [0x0000000080000000, 0x00000000b8c80000, 0x00000000d5580000)
  object space 930304K, 51% used [0x0000000080000000,0x000000009cfd4b78,0x00000000b8c80000)
 Metaspace       used 84812K, committed 86336K, reserved 1179648K
  class space    used 8766K, committed 9472K, reserved 1048576K
}
Event: 5952.541 GC heap after
{Heap after GC invocations=593 (full 4):
 PSYoungGen      total 5632K, used 320K [0x00000000d5580000, 0x00000000d5b80000, 0x0000000100000000)
  eden space 5120K, 0% used [0x00000000d5580000,0x00000000d5580000,0x00000000d5a80000)
  from space 512K, 62% used [0x00000000d5a80000,0x00000000d5ad0000,0x00000000d5b00000)
  to   space 512K, 0% used [0x00000000d5b00000,0x00000000d5b00000,0x00000000d5b80000)
 ParOldGen       total 930304K, used 475066K [0x0000000080000000, 0x00000000b8c80000, 0x00000000d5580000)
  object space 930304K, 51% used [0x0000000080000000,0x000000009cfeeb78,0x00000000b8c80000)
 Metaspace       used 84812K, committed 86336K, reserved 1179648K
  class space    used 8766K, committed 9472K, reserved 1048576K
}
Event: 5952.549 GC heap before
{Heap before GC invocations=594 (full 4):
 PSYoungGen      total 5632K, used 5440K [0x00000000d5580000, 0x00000000d5b80000, 0x0000000100000000)
  eden space 5120K, 100% used [0x00000000d5580000,0x00000000d5a80000,0x00000000d5a80000)
  from space 512K, 62% used [0x00000000d5a80000,0x00000000d5ad0000,0x00000000d5b00000)
  to   space 512K, 0% used [0x00000000d5b00000,0x00000000d5b00000,0x00000000d5b80000)
 ParOldGen       total 930304K, used 475066K [0x0000000080000000, 0x00000000b8c80000, 0x00000000d5580000)
  object space 930304K, 51% used [0x0000000080000000,0x000000009cfeeb78,0x00000000b8c80000)
 Metaspace       used 84831K, committed 86400K, reserved 1179648K
  class space    used 8766K, committed 9472K, reserved 1048576K
}
Event: 5952.550 GC heap after
{Heap after GC invocations=594 (full 4):
 PSYoungGen      total 5632K, used 305K [0x00000000d5580000, 0x00000000d5b80000, 0x0000000100000000)
  eden space 5120K, 0% used [0x00000000d5580000,0x00000000d5580000,0x00000000d5a80000)
  from space 512K, 59% used [0x00000000d5b00000,0x00000000d5b4c538,0x00000000d5b80000)
  to   space 512K, 0% used [0x00000000d5a80000,0x00000000d5a80000,0x00000000d5b00000)
 ParOldGen       total 930304K, used 475122K [0x0000000080000000, 0x00000000b8c80000, 0x00000000d5580000)
  object space 930304K, 51% used [0x0000000080000000,0x000000009cffcb78,0x00000000b8c80000)
 Metaspace       used 84831K, committed 86400K, reserved 1179648K
  class space    used 8766K, committed 9472K, reserved 1048576K
}
Event: 5952.558 GC heap before
{Heap before GC invocations=595 (full 4):
 PSYoungGen      total 5632K, used 5425K [0x00000000d5580000, 0x00000000d5b80000, 0x0000000100000000)
  eden space 5120K, 100% used [0x00000000d5580000,0x00000000d5a80000,0x00000000d5a80000)
  from space 512K, 59% used [0x00000000d5b00000,0x00000000d5b4c538,0x00000000d5b80000)
  to   space 512K, 0% used [0x00000000d5a80000,0x00000000d5a80000,0x00000000d5b00000)
 ParOldGen       total 930304K, used 475122K [0x0000000080000000, 0x00000000b8c80000, 0x00000000d5580000)
  object space 930304K, 51% used [0x0000000080000000,0x000000009cffcb78,0x00000000b8c80000)
 Metaspace       used 84847K, committed 86464K, reserved 1179648K
  class space    used 8773K, committed 9536K, reserved 1048576K
}
Event: 5952.560 GC heap after
{Heap after GC invocations=595 (full 4):
 PSYoungGen      total 5632K, used 305K [0x00000000d5580000, 0x00000000d5b80000, 0x0000000100000000)
  eden space 5120K, 0% used [0x00000000d5580000,0x00000000d5580000,0x00000000d5a80000)
  from space 512K, 59% used [0x00000000d5a80000,0x00000000d5acc538,0x00000000d5b00000)
  to   space 512K, 0% used [0x00000000d5b00000,0x00000000d5b00000,0x00000000d5b80000)
 ParOldGen       total 930304K, used 475202K [0x0000000080000000, 0x00000000b8c80000, 0x00000000d5580000)
  object space 930304K, 51% used [0x0000000080000000,0x000000009d010b78,0x00000000b8c80000)
 Metaspace       used 84847K, committed 86464K, reserved 1179648K
  class space    used 8773K, committed 9536K, reserved 1048576K
}
Event: 5952.569 GC heap before
{Heap before GC invocations=596 (full 4):
 PSYoungGen      total 5632K, used 5423K [0x00000000d5580000, 0x00000000d5b80000, 0x0000000100000000)
  eden space 5120K, 99% used [0x00000000d5580000,0x00000000d5a7f988,0x00000000d5a80000)
  from space 512K, 59% used [0x00000000d5a80000,0x00000000d5acc538,0x00000000d5b00000)
  to   space 512K, 0% used [0x00000000d5b00000,0x00000000d5b00000,0x00000000d5b80000)
 ParOldGen       total 930304K, used 475202K [0x0000000080000000, 0x00000000b8c80000, 0x00000000d5580000)
  object space 930304K, 51% used [0x0000000080000000,0x000000009d010b78,0x00000000b8c80000)
 Metaspace       used 84878K, committed 86464K, reserved 1179648K
  class space    used 8777K, committed 9536K, reserved 1048576K
}
Event: 5952.572 GC heap after
{Heap after GC invocations=596 (full 4):
 PSYoungGen      total 5632K, used 288K [0x00000000d5580000, 0x00000000d5c80000, 0x0000000100000000)
  eden space 5120K, 0% used [0x00000000d5580000,0x00000000d5580000,0x00000000d5a80000)
  from space 512K, 56% used [0x00000000d5b00000,0x00000000d5b48000,0x00000000d5b80000)
  to   space 512K, 0% used [0x00000000d5a80000,0x00000000d5a80000,0x00000000d5b00000)
 ParOldGen       total 930304K, used 475274K [0x0000000080000000, 0x00000000b8c80000, 0x00000000d5580000)
  object space 930304K, 51% used [0x0000000080000000,0x000000009d022b78,0x00000000b8c80000)
 Metaspace       used 84878K, committed 86464K, reserved 1179648K
  class space    used 8777K, committed 9536K, reserved 1048576K
}
Event: 5952.580 GC heap before
{Heap before GC invocations=597 (full 4):
 PSYoungGen      total 5632K, used 5408K [0x00000000d5580000, 0x00000000d5c80000, 0x0000000100000000)
  eden space 5120K, 100% used [0x00000000d5580000,0x00000000d5a80000,0x00000000d5a80000)
  from space 512K, 56% used [0x00000000d5b00000,0x00000000d5b48000,0x00000000d5b80000)
  to   space 512K, 0% used [0x00000000d5a80000,0x00000000d5a80000,0x00000000d5b00000)
 ParOldGen       total 930304K, used 475274K [0x0000000080000000, 0x00000000b8c80000, 0x00000000d5580000)
  object space 930304K, 51% used [0x0000000080000000,0x000000009d022b78,0x00000000b8c80000)
 Metaspace       used 84902K, committed 86528K, reserved 1179648K
  class space    used 8778K, committed 9536K, reserved 1048576K
}
Event: 5952.582 GC heap after
{Heap after GC invocations=597 (full 4):
 PSYoungGen      total 5632K, used 401K [0x00000000d5580000, 0x00000000d5b80000, 0x0000000100000000)
  eden space 5120K, 0% used [0x00000000d5580000,0x00000000d5580000,0x00000000d5a80000)
  from space 512K, 78% used [0x00000000d5a80000,0x00000000d5ae4538,0x00000000d5b00000)
  to   space 512K, 0% used [0x00000000d5b00000,0x00000000d5b00000,0x00000000d5b80000)
 ParOldGen       total 930304K, used 475387K [0x0000000080000000, 0x00000000b8c80000, 0x00000000d5580000)
  object space 930304K, 51% used [0x0000000080000000,0x000000009d03ef28,0x00000000b8c80000)
 Metaspace       used 84902K, committed 86528K, reserved 1179648K
  class space    used 8778K, committed 9536K, reserved 1048576K
}
Event: 5952.591 GC heap before
{Heap before GC invocations=598 (full 4):
 PSYoungGen      total 5632K, used 5521K [0x00000000d5580000, 0x00000000d5b80000, 0x0000000100000000)
  eden space 5120K, 100% used [0x00000000d5580000,0x00000000d5a80000,0x00000000d5a80000)
  from space 512K, 78% used [0x00000000d5a80000,0x00000000d5ae4538,0x00000000d5b00000)
  to   space 512K, 0% used [0x00000000d5b00000,0x00000000d5b00000,0x00000000d5b80000)
 ParOldGen       total 930304K, used 475387K [0x0000000080000000, 0x00000000b8c80000, 0x00000000d5580000)
  object space 930304K, 51% used [0x0000000080000000,0x000000009d03ef28,0x00000000b8c80000)
 Metaspace       used 84909K, committed 86528K, reserved 1179648K
  class space    used 8778K, committed 9536K, reserved 1048576K
}
Event: 5952.594 GC heap after
{Heap after GC invocations=598 (full 4):
 PSYoungGen      total 5632K, used 401K [0x00000000d5580000, 0x00000000d5c80000, 0x0000000100000000)
  eden space 5120K, 0% used [0x00000000d5580000,0x00000000d5580000,0x00000000d5a80000)
  from space 512K, 78% used [0x00000000d5b00000,0x00000000d5b64548,0x00000000d5b80000)
  to   space 512K, 0% used [0x00000000d5a80000,0x00000000d5a80000,0x00000000d5b00000)
 ParOldGen       total 930304K, used 475519K [0x0000000080000000, 0x00000000b8c80000, 0x00000000d5580000)
  object space 930304K, 51% used [0x0000000080000000,0x000000009d05fe68,0x00000000b8c80000)
 Metaspace       used 84909K, committed 86528K, reserved 1179648K
  class space    used 8778K, committed 9536K, reserved 1048576K
}
Event: 5952.604 GC heap before
{Heap before GC invocations=599 (full 4):
 PSYoungGen      total 5632K, used 5521K [0x00000000d5580000, 0x00000000d5c80000, 0x0000000100000000)
  eden space 5120K, 100% used [0x00000000d5580000,0x00000000d5a80000,0x00000000d5a80000)
  from space 512K, 78% used [0x00000000d5b00000,0x00000000d5b64548,0x00000000d5b80000)
  to   space 512K, 0% used [0x00000000d5a80000,0x00000000d5a80000,0x00000000d5b00000)
 ParOldGen       total 930304K, used 475519K [0x0000000080000000, 0x00000000b8c80000, 0x00000000d5580000)
  object space 930304K, 51% used [0x0000000080000000,0x000000009d05fe68,0x00000000b8c80000)
 Metaspace       used 84915K, committed 86528K, reserved 1179648K
  class space    used 8778K, committed 9536K, reserved 1048576K
}
Event: 5952.607 GC heap after
{Heap after GC invocations=599 (full 4):
 PSYoungGen      total 5632K, used 320K [0x00000000d5580000, 0x00000000d5c80000, 0x0000000100000000)
  eden space 5120K, 0% used [0x00000000d5580000,0x00000000d5580000,0x00000000d5a80000)
  from space 512K, 62% used [0x00000000d5a80000,0x00000000d5ad0000,0x00000000d5b00000)
  to   space 512K, 0% used [0x00000000d5c00000,0x00000000d5c00000,0x00000000d5c80000)
 ParOldGen       total 930304K, used 475679K [0x0000000080000000, 0x00000000b8c80000, 0x00000000d5580000)
  object space 930304K, 51% used [0x0000000080000000,0x000000009d087e78,0x00000000b8c80000)
 Metaspace       used 84915K, committed 86528K, reserved 1179648K
  class space    used 8778K, committed 9536K, reserved 1048576K
}
Event: 5952.717 GC heap before
{Heap before GC invocations=600 (full 4):
 PSYoungGen      total 5632K, used 5307K [0x00000000d5580000, 0x00000000d5c80000, 0x0000000100000000)
  eden space 5120K, 97% used [0x00000000d5580000,0x00000000d5a5ee60,0x00000000d5a80000)
  from space 512K, 62% used [0x00000000d5a80000,0x00000000d5ad0000,0x00000000d5b00000)
  to   space 512K, 0% used [0x00000000d5c00000,0x00000000d5c00000,0x00000000d5c80000)
 ParOldGen       total 930304K, used 475679K [0x0000000080000000, 0x00000000b8c80000, 0x00000000d5580000)
  object space 930304K, 51% used [0x0000000080000000,0x000000009d087e78,0x00000000b8c80000)
 Metaspace       used 85128K, committed 86720K, reserved 1179648K
  class space    used 8784K, committed 9536K, reserved 1048576K
}
Event: 5952.722 GC heap after
{Heap after GC invocations=600 (full 4):
 PSYoungGen      total 5632K, used 512K [0x00000000d5580000, 0x00000000d5d80000, 0x0000000100000000)
  eden space 5120K, 0% used [0x00000000d5580000,0x00000000d5580000,0x00000000d5a80000)
  from space 512K, 100% used [0x00000000d5c00000,0x00000000d5c80000,0x00000000d5c80000)
  to   space 1536K, 0% used [0x00000000d5a80000,0x00000000d5a80000,0x00000000d5c00000)
 ParOldGen       total 930304K, used 476495K [0x0000000080000000, 0x00000000b8c80000, 0x00000000d5580000)
  object space 930304K, 51% used [0x0000000080000000,0x000000009d153e88,0x00000000b8c80000)
 Metaspace       used 85128K, committed 86720K, reserved 1179648K
  class space    used 8784K, committed 9536K, reserved 1048576K
}

